c:\users\nikolay.vrublevskiy\documents\visual studio 2015\projects\consoleapplication7\consoleapplication7\debug\vc140.pdb
c:\users\nikolay.vrublevskiy\documents\visual studio 2015\projects\consoleapplication7\consoleapplication7\debug\vc140.idb
c:\users\nikolay.vrublevskiy\documents\visual studio 2015\projects\consoleapplication7\consoleapplication7\debug\main.obj
c:\users\nikolay.vrublevskiy\documents\visual studio 2015\projects\consoleapplication7\consoleapplication7\debug\shader.obj
c:\users\nikolay.vrublevskiy\documents\visual studio 2015\projects\consoleapplication7\consoleapplication7\debug\camera.obj
c:\users\nikolay.vrublevskiy\documents\visual studio 2015\projects\consoleapplication7\consoleapplication7\debug\filereader.obj
c:\users\nikolay.vrublevskiy\documents\visual studio 2015\projects\consoleapplication7\consoleapplication7\debug\globals.obj
c:\users\nikolay.vrublevskiy\documents\visual studio 2015\projects\consoleapplication7\consoleapplication7\debug\inputmanager.obj
c:\users\nikolay.vrublevskiy\documents\visual studio 2015\projects\consoleapplication7\consoleapplication7\debug\model.obj
c:\users\nikolay.vrublevskiy\documents\visual studio 2015\projects\consoleapplication7\consoleapplication7\debug\texture.obj
c:\users\nikolay.vrublevskiy\documents\visual studio 2015\projects\consoleapplication7\consoleapplication7\debug\tga.obj
c:\users\nikolay.vrublevskiy\documents\visual studio 2015\projects\consoleapplication7\consoleapplication7\debug\utilsmath.obj
c:\users\nikolay.vrublevskiy\documents\visual studio 2015\projects\consoleapplication7\consoleapplication7\debug\font.obj
c:\users\nikolay.vrublevskiy\documents\visual studio 2015\projects\consoleapplication7\consoleapplication7\debug\drawableelement.obj
c:\users\nikolay.vrublevskiy\documents\visual studio 2015\projects\consoleapplication7\consoleapplication7\debug\3dmodel.obj
c:\users\nikolay.vrublevskiy\documents\visual studio 2015\projects\consoleapplication7\consoleapplication7\debug\element2d.obj
c:\users\nikolay.vrublevskiy\documents\visual studio 2015\projects\consoleapplication7\consoleapplication7\debug\model3d.obj
c:\users\nikolay.vrublevskiy\documents\visual studio 2015\projects\consoleapplication7\consoleapplication7\debug\unit.obj
c:\users\nikolay.vrublevskiy\documents\visual studio 2015\projects\consoleapplication7\consoleapplication7\debug\debug_model.obj
c:\users\nikolay.vrublevskiy\documents\visual studio 2015\projects\consoleapplication7\debug\consoleapplication7.ilk
c:\users\nikolay.vrublevskiy\documents\visual studio 2015\projects\consoleapplication7\debug\consoleapplication7.exe
c:\users\nikolay.vrublevskiy\documents\visual studio 2015\projects\consoleapplication7\debug\consoleapplication7.pdb
c:\users\nikolay.vrublevskiy\documents\visual studio 2015\projects\consoleapplication7\consoleapplication7\debug\consolea.b79d9da4.tlog\cl.command.1.tlog
c:\users\nikolay.vrublevskiy\documents\visual studio 2015\projects\consoleapplication7\consoleapplication7\debug\consolea.b79d9da4.tlog\cl.read.1.tlog
c:\users\nikolay.vrublevskiy\documents\visual studio 2015\projects\consoleapplication7\consoleapplication7\debug\consolea.b79d9da4.tlog\cl.write.1.tlog
c:\users\nikolay.vrublevskiy\documents\visual studio 2015\projects\consoleapplication7\consoleapplication7\debug\consolea.b79d9da4.tlog\link.command.1.tlog
c:\users\nikolay.vrublevskiy\documents\visual studio 2015\projects\consoleapplication7\consoleapplication7\debug\consolea.b79d9da4.tlog\link.read.1.tlog
c:\users\nikolay.vrublevskiy\documents\visual studio 2015\projects\consoleapplication7\consoleapplication7\debug\consolea.b79d9da4.tlog\link.write.1.tlog
