Build started 24.02.2016 17:27:57.
     1>Project "c:\Users\nikolay.vrublevskiy\Documents\Visual Studio 2015\Projects\ConsoleApplication7\ConsoleApplication7\ConsoleApplication7.vcxproj" on node 2 (Rebuild target(s)).
     1>ClCompile:
         C:\Program Files (x86)\Microsoft Visual Studio 14.0\VC\bin\CL.exe /c /Zi /nologo /W3 /WX- /sdl /O2 /Oi /Oy- /GL /D WIN32 /D NDEBUG /D _CONSOLE /D _UNICODE /D UNICODE /Gm- /EHsc /MD /GS /Gy /fp:precise /Zc:wchar_t /Zc:forScope /Zc:inline /Fo"Release\\" /Fd"Release\vc140.pdb" /Gd /TP /analyze- /errorReport:prompt DEBUG_MODEL.cpp main.cpp Sources\Camera.cpp Sources\DrawableElement.cpp Sources\Element2D.cpp Sources\FileReader.cpp Sources\Font.cpp Sources\Globals.cpp Sources\InputManager.cpp Sources\Model3D.cpp Sources\Texture.cpp Unit.cpp Utils\Shader.cpp Utils\TGA.cpp Utils\utilsMath.cpp
         DEBUG_MODEL.cpp
     1>c:\users\nikolay.vrublevskiy\documents\visual studio 2015\projects\consoleapplication7\consoleapplication7\headers\Texture.h(3): fatal error C1083: Cannot open include file: 'GL/glew.h': No such file or directory
         main.cpp
     1>main.cpp(6): fatal error C1083: Cannot open include file: 'GL/glew.h': No such file or directory
         Camera.cpp
     1>c:\users\nikolay.vrublevskiy\documents\visual studio 2015\projects\consoleapplication7\consoleapplication7\headers\../Utils/utilsMath.h(5): fatal error C1083: Cannot open include file: 'GL/glew.h': No such file or directory
         DrawableElement.cpp
     1>c:\users\nikolay.vrublevskiy\documents\visual studio 2015\projects\consoleapplication7\consoleapplication7\headers\Texture.h(3): fatal error C1083: Cannot open include file: 'GL/glew.h': No such file or directory
         Element2D.cpp
     1>c:\users\nikolay.vrublevskiy\documents\visual studio 2015\projects\consoleapplication7\consoleapplication7\headers\Texture.h(3): fatal error C1083: Cannot open include file: 'GL/glew.h': No such file or directory
         FileReader.cpp
     1>c:\users\nikolay.vrublevskiy\documents\visual studio 2015\projects\consoleapplication7\consoleapplication7\headers\../Utils/utilsMath.h(5): fatal error C1083: Cannot open include file: 'GL/glew.h': No such file or directory
         Font.cpp
     1>Sources\Font.cpp(5): fatal error C1083: Cannot open include file: 'glm/glm.hpp': No such file or directory
         Globals.cpp
         InputManager.cpp
     1>c:\users\nikolay.vrublevskiy\documents\visual studio 2015\projects\consoleapplication7\consoleapplication7\sources\../Headers/InputManager.h(4): fatal error C1083: Cannot open include file: 'GL/glew.h': No such file or directory
         Model3D.cpp
     1>c:\users\nikolay.vrublevskiy\documents\visual studio 2015\projects\consoleapplication7\consoleapplication7\headers\Texture.h(3): fatal error C1083: Cannot open include file: 'GL/glew.h': No such file or directory
         Texture.cpp
     1>c:\users\nikolay.vrublevskiy\documents\visual studio 2015\projects\consoleapplication7\consoleapplication7\sources\../Headers/Texture.h(3): fatal error C1083: Cannot open include file: 'GL/glew.h': No such file or directory
         Unit.cpp
     1>c:\users\nikolay.vrublevskiy\documents\visual studio 2015\projects\consoleapplication7\consoleapplication7\headers\Texture.h(3): fatal error C1083: Cannot open include file: 'GL/glew.h': No such file or directory
         Shader.cpp
     1>Utils\Shader.cpp(12): fatal error C1083: Cannot open include file: 'GL/glew.h': No such file or directory
         TGA.cpp
         utilsMath.cpp
     1>c:\users\nikolay.vrublevskiy\documents\visual studio 2015\projects\consoleapplication7\consoleapplication7\utils\utilsMath.h(5): fatal error C1083: Cannot open include file: 'GL/glew.h': No such file or directory
     1>Done Building Project "c:\Users\nikolay.vrublevskiy\Documents\Visual Studio 2015\Projects\ConsoleApplication7\ConsoleApplication7\ConsoleApplication7.vcxproj" (Rebuild target(s)) -- FAILED.

Build FAILED.

Time Elapsed 00:00:01.78
